2024-09-04 11:04:31 INFO  Starting EmployeeServiceApplication using Java 22.0.1 with PID 106824 (C:\Users\user1\eclipse-workspace\employee-service\target\classes started by user1 in C:\Users\user1\eclipse-workspace\employee-service)
2024-09-04 11:04:31 INFO  No active profile set, falling back to 1 default profile: "default"
2024-09-04 11:04:32 INFO  Bootstrapping Spring Data JPA repositories in DEFAULT mode.
2024-09-04 11:04:32 INFO  Finished Spring Data repository scanning in 60 ms. Found 1 JPA repository interface.
2024-09-04 11:04:33 INFO  Tomcat initialized with port 8080 (http)
2024-09-04 11:04:33 INFO  Initializing ProtocolHandler ["http-nio-8080"]
2024-09-04 11:04:33 INFO  Starting service [Tomcat]
2024-09-04 11:04:33 INFO  Starting Servlet engine: [Apache Tomcat/10.1.28]
2024-09-04 11:04:33 INFO  Initializing Spring embedded WebApplicationContext
2024-09-04 11:04:33 INFO  Root WebApplicationContext: initialization completed in 1479 ms
2024-09-04 11:04:33 INFO  HHH000204: Processing PersistenceUnitInfo [name: default]
2024-09-04 11:04:33 INFO  HHH000412: Hibernate ORM core version 6.5.2.Final
2024-09-04 11:04:33 INFO  HHH000026: Second-level cache disabled
2024-09-04 11:04:33 INFO  No LoadTimeWeaver setup: ignoring JPA class transformer
2024-09-04 11:04:33 INFO  HikariPool-1 - Starting...
2024-09-04 11:04:34 INFO  HikariPool-1 - Added connection com.mysql.cj.jdbc.ConnectionImpl@4e9ea32f
2024-09-04 11:04:34 INFO  HikariPool-1 - Start completed.
2024-09-04 11:04:35 INFO  HHH000489: No JTA platform available (set 'hibernate.transaction.jta.platform' to enable JTA platform integration)
2024-09-04 11:04:35 INFO  Initialized JPA EntityManagerFactory for persistence unit 'default'
2024-09-04 11:04:35 INFO  Hibernate is in classpath; If applicable, HQL parser will be used.
2024-09-04 11:04:36 WARN  spring.jpa.open-in-view is enabled by default. Therefore, database queries may be performed during view rendering. Explicitly configure spring.jpa.open-in-view to disable this warning
2024-09-04 11:04:36 INFO  Starting ProtocolHandler ["http-nio-8080"]
2024-09-04 11:04:36 INFO  Tomcat started on port 8080 (http) with context path '/demo-service'
2024-09-04 11:04:36 INFO  Started EmployeeServiceApplication in 5.684 seconds (process running for 7.29)
2024-09-04 11:05:04 INFO  Initializing Spring DispatcherServlet 'dispatcherServlet'
2024-09-04 11:05:04 INFO  Initializing Servlet 'dispatcherServlet'
2024-09-04 11:05:04 INFO  Completed initialization in 1 ms
2024-09-04 11:05:04 INFO  DATA ADDED SUCESSFULLY
2024-09-04 12:48:44 WARN  HikariPool-1 - Thread starvation or clock leap detected (housekeeper delta=12m8s989ms690µs).
2024-09-04 12:57:00 INFO  Application shutdown requested.
2024-09-04 12:57:00 INFO  Stopping ProtocolHandler ["http-nio-8080"]
2024-09-04 12:57:00 INFO  Closing JPA EntityManagerFactory for persistence unit 'default'
2024-09-04 12:57:00 INFO  HikariPool-1 - Shutdown initiated...
2024-09-04 12:57:00 INFO  HikariPool-1 - Shutdown completed.
